Copyright 1986-2017 Xilinx, Inc. All Rights Reserved.
--------------------------------------------------------------------------------------------------------------------------------------------------------------------------
| Tool Version : Vivado v.2017.4 (win64) Build 2086221 Fri Dec 15 20:55:39 MST 2017
| Date         : Thu May 12 19:57:17 2022
| Host         : DESKTOP-JVKF44N running 64-bit major release  (build 9200)
| Command      : report_methodology -file watermark_ip_methodology_drc_routed.rpt -pb watermark_ip_methodology_drc_routed.pb -rpx watermark_ip_methodology_drc_routed.rpx
| Design       : watermark_ip
| Device       : xc7z020clg484-1
| Speed File   : -1
| Design State : Routed
--------------------------------------------------------------------------------------------------------------------------------------------------------------------------

Report Methodology

Table of Contents
-----------------
1. REPORT SUMMARY
2. REPORT DETAILS

1. REPORT SUMMARY
-----------------
            Netlist: netlist
          Floorplan: design_1
      Design limits: <entire design considered>
             Max violations: <unlimited>
             Violations found: 118
+-----------+----------+-----------------------------+------------+
| Rule      | Severity | Description                 | Violations |
+-----------+----------+-----------------------------+------------+
| TIMING-17 | Warning  | Non-clocked sequential cell | 118        |
+-----------+----------+-----------------------------+------------+

2. REPORT DETAILS
-----------------
TIMING-17#1 Warning
Non-clocked sequential cell  
The clock pin Uwatermark_ip_axi_lite_inst/Uwatermark_ip_addr_decoder_i/data_reg_axi_enable_1_1_reg/C is not reached by a timing clock
Related violations: <none>

TIMING-17#2 Warning
Non-clocked sequential cell  
The clock pin Uwatermark_ip_axi_lite_inst/Uwatermark_ip_addr_decoder_i/data_reg_mes_in_1_1_reg/C is not reached by a timing clock
Related violations: <none>

TIMING-17#3 Warning
Non-clocked sequential cell  
The clock pin Uwatermark_ip_axi_lite_inst/Uwatermark_ip_addr_decoder_i/data_reg_pixel_in_1_1_reg[0]/C is not reached by a timing clock
Related violations: <none>

TIMING-17#4 Warning
Non-clocked sequential cell  
The clock pin Uwatermark_ip_axi_lite_inst/Uwatermark_ip_addr_decoder_i/data_reg_pixel_in_1_1_reg[1]/C is not reached by a timing clock
Related violations: <none>

TIMING-17#5 Warning
Non-clocked sequential cell  
The clock pin Uwatermark_ip_axi_lite_inst/Uwatermark_ip_addr_decoder_i/data_reg_pixel_in_1_1_reg[2]/C is not reached by a timing clock
Related violations: <none>

TIMING-17#6 Warning
Non-clocked sequential cell  
The clock pin Uwatermark_ip_axi_lite_inst/Uwatermark_ip_addr_decoder_i/data_reg_pixel_in_1_1_reg[3]/C is not reached by a timing clock
Related violations: <none>

TIMING-17#7 Warning
Non-clocked sequential cell  
The clock pin Uwatermark_ip_axi_lite_inst/Uwatermark_ip_addr_decoder_i/data_reg_pixel_in_1_1_reg[4]/C is not reached by a timing clock
Related violations: <none>

TIMING-17#8 Warning
Non-clocked sequential cell  
The clock pin Uwatermark_ip_axi_lite_inst/Uwatermark_ip_addr_decoder_i/data_reg_pixel_in_1_1_reg[5]/C is not reached by a timing clock
Related violations: <none>

TIMING-17#9 Warning
Non-clocked sequential cell  
The clock pin Uwatermark_ip_axi_lite_inst/Uwatermark_ip_addr_decoder_i/data_reg_pixel_in_1_1_reg[6]/C is not reached by a timing clock
Related violations: <none>

TIMING-17#10 Warning
Non-clocked sequential cell  
The clock pin Uwatermark_ip_axi_lite_inst/Uwatermark_ip_addr_decoder_i/data_reg_pixel_in_1_1_reg[7]/C is not reached by a timing clock
Related violations: <none>

TIMING-17#11 Warning
Non-clocked sequential cell  
The clock pin Uwatermark_ip_axi_lite_inst/Uwatermark_ip_addr_decoder_i/read_reg_ip_timestamp_reg[31]/C is not reached by a timing clock
Related violations: <none>

TIMING-17#12 Warning
Non-clocked sequential cell  
The clock pin Uwatermark_ip_axi_lite_inst/Uwatermark_ip_addr_decoder_i/read_reg_pixel_out_reg[0]/C is not reached by a timing clock
Related violations: <none>

TIMING-17#13 Warning
Non-clocked sequential cell  
The clock pin Uwatermark_ip_axi_lite_inst/Uwatermark_ip_addr_decoder_i/read_reg_pixel_out_reg[1]/C is not reached by a timing clock
Related violations: <none>

TIMING-17#14 Warning
Non-clocked sequential cell  
The clock pin Uwatermark_ip_axi_lite_inst/Uwatermark_ip_addr_decoder_i/read_reg_pixel_out_reg[2]/C is not reached by a timing clock
Related violations: <none>

TIMING-17#15 Warning
Non-clocked sequential cell  
The clock pin Uwatermark_ip_axi_lite_inst/Uwatermark_ip_addr_decoder_i/read_reg_pixel_out_reg[3]/C is not reached by a timing clock
Related violations: <none>

TIMING-17#16 Warning
Non-clocked sequential cell  
The clock pin Uwatermark_ip_axi_lite_inst/Uwatermark_ip_addr_decoder_i/read_reg_pixel_out_reg[4]/C is not reached by a timing clock
Related violations: <none>

TIMING-17#17 Warning
Non-clocked sequential cell  
The clock pin Uwatermark_ip_axi_lite_inst/Uwatermark_ip_addr_decoder_i/read_reg_pixel_out_reg[5]/C is not reached by a timing clock
Related violations: <none>

TIMING-17#18 Warning
Non-clocked sequential cell  
The clock pin Uwatermark_ip_axi_lite_inst/Uwatermark_ip_addr_decoder_i/read_reg_pixel_out_reg[6]/C is not reached by a timing clock
Related violations: <none>

TIMING-17#19 Warning
Non-clocked sequential cell  
The clock pin Uwatermark_ip_axi_lite_inst/Uwatermark_ip_addr_decoder_i/read_reg_pixel_out_reg[7]/C is not reached by a timing clock
Related violations: <none>

TIMING-17#20 Warning
Non-clocked sequential cell  
The clock pin Uwatermark_ip_axi_lite_inst/Uwatermark_ip_axi_lite_modul/AXI4_Lite_RDATA_tmp_reg[0]/C is not reached by a timing clock
Related violations: <none>

TIMING-17#21 Warning
Non-clocked sequential cell  
The clock pin Uwatermark_ip_axi_lite_inst/Uwatermark_ip_axi_lite_modul/AXI4_Lite_RDATA_tmp_reg[1]/C is not reached by a timing clock
Related violations: <none>

TIMING-17#22 Warning
Non-clocked sequential cell  
The clock pin Uwatermark_ip_axi_lite_inst/Uwatermark_ip_axi_lite_modul/AXI4_Lite_RDATA_tmp_reg[2]/C is not reached by a timing clock
Related violations: <none>

TIMING-17#23 Warning
Non-clocked sequential cell  
The clock pin Uwatermark_ip_axi_lite_inst/Uwatermark_ip_axi_lite_modul/AXI4_Lite_RDATA_tmp_reg[31]/C is not reached by a timing clock
Related violations: <none>

TIMING-17#24 Warning
Non-clocked sequential cell  
The clock pin Uwatermark_ip_axi_lite_inst/Uwatermark_ip_axi_lite_modul/AXI4_Lite_RDATA_tmp_reg[31]_lopt_replica/C is not reached by a timing clock
Related violations: <none>

TIMING-17#25 Warning
Non-clocked sequential cell  
The clock pin Uwatermark_ip_axi_lite_inst/Uwatermark_ip_axi_lite_modul/AXI4_Lite_RDATA_tmp_reg[31]_lopt_replica_10/C is not reached by a timing clock
Related violations: <none>

TIMING-17#26 Warning
Non-clocked sequential cell  
The clock pin Uwatermark_ip_axi_lite_inst/Uwatermark_ip_axi_lite_modul/AXI4_Lite_RDATA_tmp_reg[31]_lopt_replica_11/C is not reached by a timing clock
Related violations: <none>

TIMING-17#27 Warning
Non-clocked sequential cell  
The clock pin Uwatermark_ip_axi_lite_inst/Uwatermark_ip_axi_lite_modul/AXI4_Lite_RDATA_tmp_reg[31]_lopt_replica_12/C is not reached by a timing clock
Related violations: <none>

TIMING-17#28 Warning
Non-clocked sequential cell  
The clock pin Uwatermark_ip_axi_lite_inst/Uwatermark_ip_axi_lite_modul/AXI4_Lite_RDATA_tmp_reg[31]_lopt_replica_13/C is not reached by a timing clock
Related violations: <none>

TIMING-17#29 Warning
Non-clocked sequential cell  
The clock pin Uwatermark_ip_axi_lite_inst/Uwatermark_ip_axi_lite_modul/AXI4_Lite_RDATA_tmp_reg[31]_lopt_replica_2/C is not reached by a timing clock
Related violations: <none>

TIMING-17#30 Warning
Non-clocked sequential cell  
The clock pin Uwatermark_ip_axi_lite_inst/Uwatermark_ip_axi_lite_modul/AXI4_Lite_RDATA_tmp_reg[31]_lopt_replica_3/C is not reached by a timing clock
Related violations: <none>

TIMING-17#31 Warning
Non-clocked sequential cell  
The clock pin Uwatermark_ip_axi_lite_inst/Uwatermark_ip_axi_lite_modul/AXI4_Lite_RDATA_tmp_reg[31]_lopt_replica_4/C is not reached by a timing clock
Related violations: <none>

TIMING-17#32 Warning
Non-clocked sequential cell  
The clock pin Uwatermark_ip_axi_lite_inst/Uwatermark_ip_axi_lite_modul/AXI4_Lite_RDATA_tmp_reg[31]_lopt_replica_5/C is not reached by a timing clock
Related violations: <none>

TIMING-17#33 Warning
Non-clocked sequential cell  
The clock pin Uwatermark_ip_axi_lite_inst/Uwatermark_ip_axi_lite_modul/AXI4_Lite_RDATA_tmp_reg[31]_lopt_replica_6/C is not reached by a timing clock
Related violations: <none>

TIMING-17#34 Warning
Non-clocked sequential cell  
The clock pin Uwatermark_ip_axi_lite_inst/Uwatermark_ip_axi_lite_modul/AXI4_Lite_RDATA_tmp_reg[31]_lopt_replica_7/C is not reached by a timing clock
Related violations: <none>

TIMING-17#35 Warning
Non-clocked sequential cell  
The clock pin Uwatermark_ip_axi_lite_inst/Uwatermark_ip_axi_lite_modul/AXI4_Lite_RDATA_tmp_reg[31]_lopt_replica_8/C is not reached by a timing clock
Related violations: <none>

TIMING-17#36 Warning
Non-clocked sequential cell  
The clock pin Uwatermark_ip_axi_lite_inst/Uwatermark_ip_axi_lite_modul/AXI4_Lite_RDATA_tmp_reg[31]_lopt_replica_9/C is not reached by a timing clock
Related violations: <none>

TIMING-17#37 Warning
Non-clocked sequential cell  
The clock pin Uwatermark_ip_axi_lite_inst/Uwatermark_ip_axi_lite_modul/AXI4_Lite_RDATA_tmp_reg[3]/C is not reached by a timing clock
Related violations: <none>

TIMING-17#38 Warning
Non-clocked sequential cell  
The clock pin Uwatermark_ip_axi_lite_inst/Uwatermark_ip_axi_lite_modul/AXI4_Lite_RDATA_tmp_reg[4]/C is not reached by a timing clock
Related violations: <none>

TIMING-17#39 Warning
Non-clocked sequential cell  
The clock pin Uwatermark_ip_axi_lite_inst/Uwatermark_ip_axi_lite_modul/AXI4_Lite_RDATA_tmp_reg[5]/C is not reached by a timing clock
Related violations: <none>

TIMING-17#40 Warning
Non-clocked sequential cell  
The clock pin Uwatermark_ip_axi_lite_inst/Uwatermark_ip_axi_lite_modul/AXI4_Lite_RDATA_tmp_reg[6]/C is not reached by a timing clock
Related violations: <none>

TIMING-17#41 Warning
Non-clocked sequential cell  
The clock pin Uwatermark_ip_axi_lite_inst/Uwatermark_ip_axi_lite_modul/AXI4_Lite_RDATA_tmp_reg[7]/C is not reached by a timing clock
Related violations: <none>

TIMING-17#42 Warning
Non-clocked sequential cell  
The clock pin Uwatermark_ip_axi_lite_inst/Uwatermark_ip_axi_lite_modul/axi_lite_rstate_reg[0]/C is not reached by a timing clock
Related violations: <none>

TIMING-17#43 Warning
Non-clocked sequential cell  
The clock pin Uwatermark_ip_axi_lite_inst/Uwatermark_ip_axi_lite_modul/axi_lite_wstate_reg[0]/C is not reached by a timing clock
Related violations: <none>

TIMING-17#44 Warning
Non-clocked sequential cell  
The clock pin Uwatermark_ip_axi_lite_inst/Uwatermark_ip_axi_lite_modul/axi_lite_wstate_reg[1]/C is not reached by a timing clock
Related violations: <none>

TIMING-17#45 Warning
Non-clocked sequential cell  
The clock pin Uwatermark_ip_axi_lite_inst/Uwatermark_ip_axi_lite_modul/soft_reset_reg/C is not reached by a timing clock
Related violations: <none>

TIMING-17#46 Warning
Non-clocked sequential cell  
The clock pin Uwatermark_ip_axi_lite_inst/Uwatermark_ip_axi_lite_modul/waddr_reg[10]/C is not reached by a timing clock
Related violations: <none>

TIMING-17#47 Warning
Non-clocked sequential cell  
The clock pin Uwatermark_ip_axi_lite_inst/Uwatermark_ip_axi_lite_modul/waddr_reg[11]/C is not reached by a timing clock
Related violations: <none>

TIMING-17#48 Warning
Non-clocked sequential cell  
The clock pin Uwatermark_ip_axi_lite_inst/Uwatermark_ip_axi_lite_modul/waddr_reg[12]/C is not reached by a timing clock
Related violations: <none>

TIMING-17#49 Warning
Non-clocked sequential cell  
The clock pin Uwatermark_ip_axi_lite_inst/Uwatermark_ip_axi_lite_modul/waddr_reg[13]/C is not reached by a timing clock
Related violations: <none>

TIMING-17#50 Warning
Non-clocked sequential cell  
The clock pin Uwatermark_ip_axi_lite_inst/Uwatermark_ip_axi_lite_modul/waddr_reg[14]/C is not reached by a timing clock
Related violations: <none>

TIMING-17#51 Warning
Non-clocked sequential cell  
The clock pin Uwatermark_ip_axi_lite_inst/Uwatermark_ip_axi_lite_modul/waddr_reg[15]/C is not reached by a timing clock
Related violations: <none>

TIMING-17#52 Warning
Non-clocked sequential cell  
The clock pin Uwatermark_ip_axi_lite_inst/Uwatermark_ip_axi_lite_modul/waddr_reg[2]/C is not reached by a timing clock
Related violations: <none>

TIMING-17#53 Warning
Non-clocked sequential cell  
The clock pin Uwatermark_ip_axi_lite_inst/Uwatermark_ip_axi_lite_modul/waddr_reg[3]/C is not reached by a timing clock
Related violations: <none>

TIMING-17#54 Warning
Non-clocked sequential cell  
The clock pin Uwatermark_ip_axi_lite_inst/Uwatermark_ip_axi_lite_modul/waddr_reg[4]/C is not reached by a timing clock
Related violations: <none>

TIMING-17#55 Warning
Non-clocked sequential cell  
The clock pin Uwatermark_ip_axi_lite_inst/Uwatermark_ip_axi_lite_modul/waddr_reg[5]/C is not reached by a timing clock
Related violations: <none>

TIMING-17#56 Warning
Non-clocked sequential cell  
The clock pin Uwatermark_ip_axi_lite_inst/Uwatermark_ip_axi_lite_modul/waddr_reg[6]/C is not reached by a timing clock
Related violations: <none>

TIMING-17#57 Warning
Non-clocked sequential cell  
The clock pin Uwatermark_ip_axi_lite_inst/Uwatermark_ip_axi_lite_modul/waddr_reg[7]/C is not reached by a timing clock
Related violations: <none>

TIMING-17#58 Warning
Non-clocked sequential cell  
The clock pin Uwatermark_ip_axi_lite_inst/Uwatermark_ip_axi_lite_modul/waddr_reg[8]/C is not reached by a timing clock
Related violations: <none>

TIMING-17#59 Warning
Non-clocked sequential cell  
The clock pin Uwatermark_ip_axi_lite_inst/Uwatermark_ip_axi_lite_modul/waddr_reg[9]/C is not reached by a timing clock
Related violations: <none>

TIMING-17#60 Warning
Non-clocked sequential cell  
The clock pin Uwatermark_ip_axi_lite_inst/Uwatermark_ip_axi_lite_modul/wdata_reg[0]/C is not reached by a timing clock
Related violations: <none>

TIMING-17#61 Warning
Non-clocked sequential cell  
The clock pin Uwatermark_ip_axi_lite_inst/Uwatermark_ip_axi_lite_modul/wdata_reg[1]/C is not reached by a timing clock
Related violations: <none>

TIMING-17#62 Warning
Non-clocked sequential cell  
The clock pin Uwatermark_ip_axi_lite_inst/Uwatermark_ip_axi_lite_modul/wdata_reg[2]/C is not reached by a timing clock
Related violations: <none>

TIMING-17#63 Warning
Non-clocked sequential cell  
The clock pin Uwatermark_ip_axi_lite_inst/Uwatermark_ip_axi_lite_modul/wdata_reg[3]/C is not reached by a timing clock
Related violations: <none>

TIMING-17#64 Warning
Non-clocked sequential cell  
The clock pin Uwatermark_ip_axi_lite_inst/Uwatermark_ip_axi_lite_modul/wdata_reg[4]/C is not reached by a timing clock
Related violations: <none>

TIMING-17#65 Warning
Non-clocked sequential cell  
The clock pin Uwatermark_ip_axi_lite_inst/Uwatermark_ip_axi_lite_modul/wdata_reg[5]/C is not reached by a timing clock
Related violations: <none>

TIMING-17#66 Warning
Non-clocked sequential cell  
The clock pin Uwatermark_ip_axi_lite_inst/Uwatermark_ip_axi_lite_modul/wdata_reg[6]/C is not reached by a timing clock
Related violations: <none>

TIMING-17#67 Warning
Non-clocked sequential cell  
The clock pin Uwatermark_ip_axi_lite_inst/Uwatermark_ip_axi_lite_modul/wdata_reg[7]/C is not reached by a timing clock
Related violations: <none>

TIMING-17#68 Warning
Non-clocked sequential cell  
The clock pin Uwatermark_ip_axi_lite_inst/Uwatermark_ip_axi_lite_modul/wr_enb_1_reg/C is not reached by a timing clock
Related violations: <none>

TIMING-17#69 Warning
Non-clocked sequential cell  
The clock pin Uwatermark_ip_dut_inst/Uwatermark_ip_src_waterma/UIndexing/Delay1_out1_reg/C is not reached by a timing clock
Related violations: <none>

TIMING-17#70 Warning
Non-clocked sequential cell  
The clock pin Uwatermark_ip_dut_inst/Uwatermark_ip_src_waterma/UIndexing/Delay_out1_reg/C is not reached by a timing clock
Related violations: <none>

TIMING-17#71 Warning
Non-clocked sequential cell  
The clock pin Uwatermark_ip_dut_inst/Uwatermark_ip_src_waterma/UIndexing/UROM_Template_0/Direct_Lookup_Table_n_D_out1_1_reg/C is not reached by a timing clock
Related violations: <none>

TIMING-17#72 Warning
Non-clocked sequential cell  
The clock pin Uwatermark_ip_dut_inst/Uwatermark_ip_src_waterma/UIndexing/UROM_Template_0/Unit_Delay_out1_reg/C is not reached by a timing clock
Related violations: <none>

TIMING-17#73 Warning
Non-clocked sequential cell  
The clock pin Uwatermark_ip_dut_inst/Uwatermark_ip_src_waterma/UIndexing/UROM_Template_1/Direct_Lookup_Table_n_D_out1_1_reg/C is not reached by a timing clock
Related violations: <none>

TIMING-17#74 Warning
Non-clocked sequential cell  
The clock pin Uwatermark_ip_dut_inst/Uwatermark_ip_src_waterma/UIndexing/UROM_Template_1/Unit_Delay_out1_reg/C is not reached by a timing clock
Related violations: <none>

TIMING-17#75 Warning
Non-clocked sequential cell  
The clock pin Uwatermark_ip_dut_inst/Uwatermark_ip_src_waterma/UIndexing/USimple_Dual_Port_RAM/data_int_reg/C is not reached by a timing clock
Related violations: <none>

TIMING-17#76 Warning
Non-clocked sequential cell  
The clock pin Uwatermark_ip_dut_inst/Uwatermark_ip_src_waterma/UIndexing/USimple_Dual_Port_RAM/ram_reg_0_63_0_0/DP/CLK is not reached by a timing clock
Related violations: <none>

TIMING-17#77 Warning
Non-clocked sequential cell  
The clock pin Uwatermark_ip_dut_inst/Uwatermark_ip_src_waterma/UIndexing/USimple_Dual_Port_RAM/ram_reg_0_63_0_0/SP/CLK is not reached by a timing clock
Related violations: <none>

TIMING-17#78 Warning
Non-clocked sequential cell  
The clock pin Uwatermark_ip_dut_inst/Uwatermark_ip_src_waterma/UIndexing/counter_reg[0]/C is not reached by a timing clock
Related violations: <none>

TIMING-17#79 Warning
Non-clocked sequential cell  
The clock pin Uwatermark_ip_dut_inst/Uwatermark_ip_src_waterma/UIndexing/counter_reg[1]/C is not reached by a timing clock
Related violations: <none>

TIMING-17#80 Warning
Non-clocked sequential cell  
The clock pin Uwatermark_ip_dut_inst/Uwatermark_ip_src_waterma/UIndexing/counter_reg[2]/C is not reached by a timing clock
Related violations: <none>

TIMING-17#81 Warning
Non-clocked sequential cell  
The clock pin Uwatermark_ip_dut_inst/Uwatermark_ip_src_waterma/UIndexing/counter_reg[3]/C is not reached by a timing clock
Related violations: <none>

TIMING-17#82 Warning
Non-clocked sequential cell  
The clock pin Uwatermark_ip_dut_inst/Uwatermark_ip_src_waterma/UIndexing/counter_reg[4]/C is not reached by a timing clock
Related violations: <none>

TIMING-17#83 Warning
Non-clocked sequential cell  
The clock pin Uwatermark_ip_dut_inst/Uwatermark_ip_src_waterma/UIndexing/counter_reg[5]/C is not reached by a timing clock
Related violations: <none>

TIMING-17#84 Warning
Non-clocked sequential cell  
The clock pin Uwatermark_ip_dut_inst/Uwatermark_ip_src_waterma/UIndexing/inner_reg[0]/C is not reached by a timing clock
Related violations: <none>

TIMING-17#85 Warning
Non-clocked sequential cell  
The clock pin Uwatermark_ip_dut_inst/Uwatermark_ip_src_waterma/UIndexing/inner_reg[1]/C is not reached by a timing clock
Related violations: <none>

TIMING-17#86 Warning
Non-clocked sequential cell  
The clock pin Uwatermark_ip_dut_inst/Uwatermark_ip_src_waterma/UIndexing/inner_reg[2]/C is not reached by a timing clock
Related violations: <none>

TIMING-17#87 Warning
Non-clocked sequential cell  
The clock pin Uwatermark_ip_dut_inst/Uwatermark_ip_src_waterma/UIndexing/inner_reg[3]/C is not reached by a timing clock
Related violations: <none>

TIMING-17#88 Warning
Non-clocked sequential cell  
The clock pin Uwatermark_ip_dut_inst/Uwatermark_ip_src_waterma/UIndexing/inner_reg[4]/C is not reached by a timing clock
Related violations: <none>

TIMING-17#89 Warning
Non-clocked sequential cell  
The clock pin Uwatermark_ip_dut_inst/Uwatermark_ip_src_waterma/UIndexing/inner_reg[5]/C is not reached by a timing clock
Related violations: <none>

TIMING-17#90 Warning
Non-clocked sequential cell  
The clock pin Uwatermark_ip_dut_inst/Uwatermark_ip_src_waterma/UIndexing/inner_reg[6]/C is not reached by a timing clock
Related violations: <none>

TIMING-17#91 Warning
Non-clocked sequential cell  
The clock pin Uwatermark_ip_dut_inst/Uwatermark_ip_src_waterma/UIndexing/inner_reg[7]/C is not reached by a timing clock
Related violations: <none>

TIMING-17#92 Warning
Non-clocked sequential cell  
The clock pin Uwatermark_ip_dut_inst/Uwatermark_ip_src_waterma/UIndexing/outer_reg[0]/C is not reached by a timing clock
Related violations: <none>

TIMING-17#93 Warning
Non-clocked sequential cell  
The clock pin Uwatermark_ip_dut_inst/Uwatermark_ip_src_waterma/UIndexing/outer_reg[1]/C is not reached by a timing clock
Related violations: <none>

TIMING-17#94 Warning
Non-clocked sequential cell  
The clock pin Uwatermark_ip_dut_inst/Uwatermark_ip_src_waterma/UIndexing/outer_reg[2]/C is not reached by a timing clock
Related violations: <none>

TIMING-17#95 Warning
Non-clocked sequential cell  
The clock pin Uwatermark_ip_dut_inst/Uwatermark_ip_src_waterma/UIndexing/outer_reg[3]/C is not reached by a timing clock
Related violations: <none>

TIMING-17#96 Warning
Non-clocked sequential cell  
The clock pin Uwatermark_ip_dut_inst/Uwatermark_ip_src_waterma/UIndexing/outer_reg[4]/C is not reached by a timing clock
Related violations: <none>

TIMING-17#97 Warning
Non-clocked sequential cell  
The clock pin Uwatermark_ip_dut_inst/Uwatermark_ip_src_waterma/UIndexing/outer_reg[5]/C is not reached by a timing clock
Related violations: <none>

TIMING-17#98 Warning
Non-clocked sequential cell  
The clock pin Uwatermark_ip_dut_inst/Uwatermark_ip_src_waterma/UIndexing/outer_reg[6]/C is not reached by a timing clock
Related violations: <none>

TIMING-17#99 Warning
Non-clocked sequential cell  
The clock pin Uwatermark_ip_dut_inst/Uwatermark_ip_src_waterma/UIndexing/outer_reg[7]/C is not reached by a timing clock
Related violations: <none>

TIMING-17#100 Warning
Non-clocked sequential cell  
The clock pin Uwatermark_ip_dut_inst/Uwatermark_ip_src_waterma/out_rsvd_1_reg[0]/C is not reached by a timing clock
Related violations: <none>

TIMING-17#101 Warning
Non-clocked sequential cell  
The clock pin Uwatermark_ip_dut_inst/Uwatermark_ip_src_waterma/out_rsvd_1_reg[1]/C is not reached by a timing clock
Related violations: <none>

TIMING-17#102 Warning
Non-clocked sequential cell  
The clock pin Uwatermark_ip_dut_inst/Uwatermark_ip_src_waterma/out_rsvd_1_reg[2]/C is not reached by a timing clock
Related violations: <none>

TIMING-17#103 Warning
Non-clocked sequential cell  
The clock pin Uwatermark_ip_dut_inst/Uwatermark_ip_src_waterma/out_rsvd_1_reg[3]/C is not reached by a timing clock
Related violations: <none>

TIMING-17#104 Warning
Non-clocked sequential cell  
The clock pin Uwatermark_ip_dut_inst/Uwatermark_ip_src_waterma/out_rsvd_1_reg[4]/C is not reached by a timing clock
Related violations: <none>

TIMING-17#105 Warning
Non-clocked sequential cell  
The clock pin Uwatermark_ip_dut_inst/Uwatermark_ip_src_waterma/out_rsvd_1_reg[5]/C is not reached by a timing clock
Related violations: <none>

TIMING-17#106 Warning
Non-clocked sequential cell  
The clock pin Uwatermark_ip_dut_inst/Uwatermark_ip_src_waterma/out_rsvd_1_reg[6]/C is not reached by a timing clock
Related violations: <none>

TIMING-17#107 Warning
Non-clocked sequential cell  
The clock pin Uwatermark_ip_dut_inst/Uwatermark_ip_src_waterma/out_rsvd_1_reg[7]/C is not reached by a timing clock
Related violations: <none>

TIMING-17#108 Warning
Non-clocked sequential cell  
The clock pin Uwatermark_ip_dut_inst/Uwatermark_ip_src_waterma/pixel_in_1_reg[0]/C is not reached by a timing clock
Related violations: <none>

TIMING-17#109 Warning
Non-clocked sequential cell  
The clock pin Uwatermark_ip_dut_inst/Uwatermark_ip_src_waterma/pixel_in_1_reg[1]/C is not reached by a timing clock
Related violations: <none>

TIMING-17#110 Warning
Non-clocked sequential cell  
The clock pin Uwatermark_ip_dut_inst/Uwatermark_ip_src_waterma/pixel_in_1_reg[2]/C is not reached by a timing clock
Related violations: <none>

TIMING-17#111 Warning
Non-clocked sequential cell  
The clock pin Uwatermark_ip_dut_inst/Uwatermark_ip_src_waterma/pixel_in_1_reg[3]/C is not reached by a timing clock
Related violations: <none>

TIMING-17#112 Warning
Non-clocked sequential cell  
The clock pin Uwatermark_ip_dut_inst/Uwatermark_ip_src_waterma/pixel_in_1_reg[4]/C is not reached by a timing clock
Related violations: <none>

TIMING-17#113 Warning
Non-clocked sequential cell  
The clock pin Uwatermark_ip_dut_inst/Uwatermark_ip_src_waterma/pixel_in_1_reg[5]/C is not reached by a timing clock
Related violations: <none>

TIMING-17#114 Warning
Non-clocked sequential cell  
The clock pin Uwatermark_ip_dut_inst/Uwatermark_ip_src_waterma/pixel_in_1_reg[6]/C is not reached by a timing clock
Related violations: <none>

TIMING-17#115 Warning
Non-clocked sequential cell  
The clock pin Uwatermark_ip_dut_inst/Uwatermark_ip_src_waterma/pixel_in_1_reg[7]/C is not reached by a timing clock
Related violations: <none>

TIMING-17#116 Warning
Non-clocked sequential cell  
The clock pin Uwatermark_ip_dut_inst/Uwatermark_ip_src_waterma/rst_x_1_reg/C is not reached by a timing clock
Related violations: <none>

TIMING-17#117 Warning
Non-clocked sequential cell  
The clock pin Uwatermark_ip_reset_sync_ins/reset_out_reg/C is not reached by a timing clock
Related violations: <none>

TIMING-17#118 Warning
Non-clocked sequential cell  
The clock pin Uwatermark_ip_reset_sync_ins/reset_pipe_reg/C is not reached by a timing clock
Related violations: <none>


